<?xml version="1.0" encoding="UTF-8"?>
<testng-results skipped="0" failed="0" total="1" passed="1">
  <reporter-output>
  </reporter-output>
  <suite name="Default suite" duration-ms="505" started-at="2015-06-28T18:00:10Z" finished-at="2015-06-28T18:00:10Z">
    <groups>
    </groups>
    <test name="Default test" duration-ms="505" started-at="2015-06-28T18:00:10Z" finished-at="2015-06-28T18:00:10Z">
      <class name="ch.main.test.MainAppTest">
        <test-method status="PASS" signature="beforeMethod()[pri:0, instance:ch.main.test.MainAppTest@3f0ee7cb]" name="beforeMethod" is-config="true" duration-ms="291" started-at="2015-06-28T23:30:10Z" finished-at="2015-06-28T23:30:10Z">
          <reporter-output>
          </reporter-output>
        </test-method> <!-- beforeMethod -->
        <test-method status="PASS" signature="f()[pri:0, instance:ch.main.test.MainAppTest@3f0ee7cb]" name="f" duration-ms="25" started-at="2015-06-28T23:30:10Z" finished-at="2015-06-28T23:30:10Z">
          <reporter-output>
          </reporter-output>
        </test-method> <!-- f -->
        <test-method status="PASS" signature="afterMethod()[pri:0, instance:ch.main.test.MainAppTest@3f0ee7cb]" name="afterMethod" is-config="true" duration-ms="1" started-at="2015-06-28T23:30:10Z" finished-at="2015-06-28T23:30:10Z">
          <reporter-output>
          </reporter-output>
        </test-method> <!-- afterMethod -->
      </class> <!-- ch.main.test.MainAppTest -->
    </test> <!-- Default test -->
  </suite> <!-- Default suite -->
</testng-results>
